[13-Feb-2017 06:32:02 US/Eastern] PHP Notice:  Undefined variable: link in /Users/visingha/html/cms/ps/16/modules/expresscache/expresscache-precache.php on line 119
[13-Feb-2017 06:32:12 US/Eastern] PHP Notice:  Trying to get property of non-object in /Users/visingha/html/cms/ps/16/classes/Product.php on line 1250
[13-Feb-2017 06:32:17 US/Eastern] PHP Warning:  Illegal offset type in isset or empty in /Users/visingha/html/cms/ps/16/classes/Tools.php on line 1399
[13-Feb-2017 06:32:17 US/Eastern] PHP Warning:  Illegal offset type in isset or empty in /Users/visingha/html/cms/ps/16/classes/Tools.php on line 1399
[13-Feb-2017 06:35:05 US/Eastern] PHP Notice:  Undefined variable: link in /Users/visingha/html/cms/ps/16/modules/expresscache/expresscache-precache.php on line 119
[13-Feb-2017 06:35:13 US/Eastern] PHP Notice:  Trying to get property of non-object in /Users/visingha/html/cms/ps/16/classes/Product.php on line 1250
[13-Feb-2017 06:35:17 US/Eastern] PHP Warning:  Illegal offset type in isset or empty in /Users/visingha/html/cms/ps/16/classes/Tools.php on line 1399
[13-Feb-2017 06:35:17 US/Eastern] PHP Warning:  Illegal offset type in isset or empty in /Users/visingha/html/cms/ps/16/classes/Tools.php on line 1399
[13-Feb-2017 06:35:28 US/Eastern] PHP Notice:  Undefined variable: link in /Users/visingha/html/cms/ps/16/modules/expresscache/expresscache-precache.php on line 119
[13-Feb-2017 06:35:35 US/Eastern] PHP Notice:  Trying to get property of non-object in /Users/visingha/html/cms/ps/16/classes/Product.php on line 1250
[13-Feb-2017 06:35:39 US/Eastern] PHP Warning:  Illegal offset type in isset or empty in /Users/visingha/html/cms/ps/16/classes/Tools.php on line 1399
[13-Feb-2017 06:35:39 US/Eastern] PHP Warning:  Illegal offset type in isset or empty in /Users/visingha/html/cms/ps/16/classes/Tools.php on line 1399
[27-Apr-2017 07:22:04 US/Eastern] PHP Notice:  Undefined variable: link in /Users/visingha/html/cms/ps/16/modules/expresscache/precache-cron.php on line 128
[27-Apr-2017 07:22:08 US/Eastern] PHP Notice:  Trying to get property of non-object in /Users/visingha/html/cms/ps/16/classes/Product.php on line 1250
[27-Apr-2017 07:22:14 US/Eastern] PHP Warning:  Illegal offset type in isset or empty in /Users/visingha/html/cms/ps/16/classes/Tools.php on line 1399
[27-Apr-2017 07:22:14 US/Eastern] PHP Warning:  Illegal offset type in isset or empty in /Users/visingha/html/cms/ps/16/classes/Tools.php on line 1399
[27-Apr-2017 07:26:11 US/Eastern] PHP Notice:  Undefined variable: link in /Users/visingha/html/cms/ps/16/modules/expresscache/precache-cron.php on line 128
[27-Apr-2017 07:26:12 US/Eastern] PHP Notice:  Trying to get property of non-object in /Users/visingha/html/cms/ps/16/classes/Product.php on line 1250
[27-Apr-2017 07:26:12 US/Eastern] PHP Warning:  Illegal offset type in isset or empty in /Users/visingha/html/cms/ps/16/classes/Tools.php on line 1399
[27-Apr-2017 07:26:12 US/Eastern] PHP Warning:  Illegal offset type in isset or empty in /Users/visingha/html/cms/ps/16/classes/Tools.php on line 1399
[27-Apr-2017 07:31:39 US/Eastern] PHP Notice:  Undefined variable: link in /Users/visingha/html/cms/ps/16/modules/expresscache/precache-cron.php on line 128
[27-Apr-2017 07:31:39 US/Eastern] PHP Notice:  Trying to get property of non-object in /Users/visingha/html/cms/ps/16/classes/Product.php on line 1250
[27-Apr-2017 07:31:39 US/Eastern] PHP Warning:  Illegal offset type in isset or empty in /Users/visingha/html/cms/ps/16/classes/Tools.php on line 1399
[27-Apr-2017 07:31:39 US/Eastern] PHP Warning:  Illegal offset type in isset or empty in /Users/visingha/html/cms/ps/16/classes/Tools.php on line 1399
[27-Apr-2017 07:35:19 US/Eastern] PHP Notice:  Undefined variable: link in /Users/visingha/html/cms/ps/16/modules/expresscache/precache-cron.php on line 131
[27-Apr-2017 07:35:19 US/Eastern] PHP Notice:  Trying to get property of non-object in /Users/visingha/html/cms/ps/16/classes/Product.php on line 1250
[27-Apr-2017 07:35:19 US/Eastern] PHP Warning:  Illegal offset type in isset or empty in /Users/visingha/html/cms/ps/16/classes/Tools.php on line 1399
[27-Apr-2017 07:35:19 US/Eastern] PHP Warning:  Illegal offset type in isset or empty in /Users/visingha/html/cms/ps/16/classes/Tools.php on line 1399
[27-Apr-2017 07:35:20 US/Eastern] PHP Notice:  Undefined variable: link in /Users/visingha/html/cms/ps/16/modules/expresscache/precache-cron.php on line 131
[27-Apr-2017 07:35:20 US/Eastern] PHP Notice:  Trying to get property of non-object in /Users/visingha/html/cms/ps/16/classes/Product.php on line 1250
[27-Apr-2017 07:35:20 US/Eastern] PHP Warning:  Illegal offset type in isset or empty in /Users/visingha/html/cms/ps/16/classes/Tools.php on line 1399
[27-Apr-2017 07:35:20 US/Eastern] PHP Warning:  Illegal offset type in isset or empty in /Users/visingha/html/cms/ps/16/classes/Tools.php on line 1399
[27-Apr-2017 07:35:24 US/Eastern] PHP Notice:  Undefined variable: id_lang in /Users/visingha/html/cms/ps/16/modules/expresscache/precache-cron.php on line 58
[27-Apr-2017 07:35:26 US/Eastern] PHP Notice:  Undefined variable: id_lang in /Users/visingha/html/cms/ps/16/modules/expresscache/precache-cron.php on line 58
[27-Apr-2017 07:39:21 US/Eastern] PHP Notice:  Undefined variable: link in /Users/visingha/html/cms/ps/16/modules/expresscache/precache-cron.php on line 137
[27-Apr-2017 07:39:31 US/Eastern] PHP Notice:  Trying to get property of non-object in /Users/visingha/html/cms/ps/16/classes/Product.php on line 1250
[27-Apr-2017 07:39:46 US/Eastern] PHP Warning:  Illegal offset type in isset or empty in /Users/visingha/html/cms/ps/16/classes/Tools.php on line 1399
[27-Apr-2017 07:39:46 US/Eastern] PHP Warning:  Illegal offset type in isset or empty in /Users/visingha/html/cms/ps/16/classes/Tools.php on line 1399
[27-Apr-2017 07:50:47 US/Eastern] PHP Notice:  Undefined variable: link in /Users/visingha/html/cms/ps/16/modules/expresscache/precache-cron.php on line 138
[27-Apr-2017 07:50:47 US/Eastern] PHP Notice:  Trying to get property of non-object in /Users/visingha/html/cms/ps/16/classes/Product.php on line 1250
[27-Apr-2017 07:50:47 US/Eastern] PHP Notice:  Array to string conversion in /Users/visingha/html/cms/ps/16/classes/Dispatcher.php on line 691
[27-Apr-2017 07:50:47 US/Eastern] PHP Notice:  Array to string conversion in /Users/visingha/html/cms/ps/16/classes/Dispatcher.php on line 691
[27-Apr-2017 07:50:47 US/Eastern] PHP Notice:  Array to string conversion in /Users/visingha/html/cms/ps/16/classes/Dispatcher.php on line 691
[27-Apr-2017 07:50:47 US/Eastern] PHP Notice:  Array to string conversion in /Users/visingha/html/cms/ps/16/classes/Dispatcher.php on line 691
[27-Apr-2017 07:50:47 US/Eastern] PHP Notice:  Array to string conversion in /Users/visingha/html/cms/ps/16/classes/Dispatcher.php on line 691
[27-Apr-2017 07:50:47 US/Eastern] PHP Notice:  Array to string conversion in /Users/visingha/html/cms/ps/16/classes/Dispatcher.php on line 691
[27-Apr-2017 07:50:47 US/Eastern] PHP Notice:  Array to string conversion in /Users/visingha/html/cms/ps/16/classes/Dispatcher.php on line 691
[27-Apr-2017 07:50:47 US/Eastern] PHP Notice:  Array to string conversion in /Users/visingha/html/cms/ps/16/classes/Dispatcher.php on line 691
[27-Apr-2017 07:50:47 US/Eastern] PHP Notice:  Array to string conversion in /Users/visingha/html/cms/ps/16/classes/Dispatcher.php on line 691
[27-Apr-2017 07:50:47 US/Eastern] PHP Notice:  Array to string conversion in /Users/visingha/html/cms/ps/16/classes/Dispatcher.php on line 691
[27-Apr-2017 07:50:47 US/Eastern] PHP Notice:  Array to string conversion in /Users/visingha/html/cms/ps/16/classes/Dispatcher.php on line 691
[27-Apr-2017 07:50:47 US/Eastern] PHP Notice:  Array to string conversion in /Users/visingha/html/cms/ps/16/classes/Dispatcher.php on line 691
[27-Apr-2017 07:50:47 US/Eastern] PHP Notice:  Array to string conversion in /Users/visingha/html/cms/ps/16/classes/Dispatcher.php on line 691
[27-Apr-2017 07:50:47 US/Eastern] PHP Notice:  Array to string conversion in /Users/visingha/html/cms/ps/16/classes/Dispatcher.php on line 691
[27-Apr-2017 07:50:47 US/Eastern] PHP Warning:  Illegal offset type in isset or empty in /Users/visingha/html/cms/ps/16/classes/Tools.php on line 1399
[27-Apr-2017 07:50:47 US/Eastern] PHP Warning:  Illegal offset type in isset or empty in /Users/visingha/html/cms/ps/16/classes/Tools.php on line 1399
[27-Apr-2017 07:51:47 US/Eastern] PHP Notice:  Undefined variable: link in /Users/visingha/html/cms/ps/16/modules/expresscache/precache-cron.php on line 138
[27-Apr-2017 07:51:47 US/Eastern] PHP Notice:  Trying to get property of non-object in /Users/visingha/html/cms/ps/16/classes/Product.php on line 1250
[27-Apr-2017 07:51:47 US/Eastern] PHP Notice:  Array to string conversion in /Users/visingha/html/cms/ps/16/classes/Dispatcher.php on line 691
[27-Apr-2017 07:51:47 US/Eastern] PHP Notice:  Array to string conversion in /Users/visingha/html/cms/ps/16/classes/Dispatcher.php on line 691
[27-Apr-2017 07:51:47 US/Eastern] PHP Notice:  Array to string conversion in /Users/visingha/html/cms/ps/16/classes/Dispatcher.php on line 691
[27-Apr-2017 07:51:47 US/Eastern] PHP Notice:  Array to string conversion in /Users/visingha/html/cms/ps/16/classes/Dispatcher.php on line 691
[27-Apr-2017 07:51:47 US/Eastern] PHP Notice:  Array to string conversion in /Users/visingha/html/cms/ps/16/classes/Dispatcher.php on line 691
[27-Apr-2017 07:51:47 US/Eastern] PHP Notice:  Array to string conversion in /Users/visingha/html/cms/ps/16/classes/Dispatcher.php on line 691
[27-Apr-2017 07:51:47 US/Eastern] PHP Notice:  Array to string conversion in /Users/visingha/html/cms/ps/16/classes/Dispatcher.php on line 691
[27-Apr-2017 07:51:47 US/Eastern] PHP Notice:  Array to string conversion in /Users/visingha/html/cms/ps/16/classes/Dispatcher.php on line 691
[27-Apr-2017 07:51:48 US/Eastern] PHP Notice:  Array to string conversion in /Users/visingha/html/cms/ps/16/classes/Dispatcher.php on line 691
[27-Apr-2017 07:51:48 US/Eastern] PHP Notice:  Array to string conversion in /Users/visingha/html/cms/ps/16/classes/Dispatcher.php on line 691
[27-Apr-2017 07:51:48 US/Eastern] PHP Notice:  Array to string conversion in /Users/visingha/html/cms/ps/16/classes/Dispatcher.php on line 691
[27-Apr-2017 07:51:48 US/Eastern] PHP Notice:  Array to string conversion in /Users/visingha/html/cms/ps/16/classes/Dispatcher.php on line 691
[27-Apr-2017 07:51:48 US/Eastern] PHP Notice:  Array to string conversion in /Users/visingha/html/cms/ps/16/classes/Dispatcher.php on line 691
[27-Apr-2017 07:51:48 US/Eastern] PHP Notice:  Array to string conversion in /Users/visingha/html/cms/ps/16/classes/Dispatcher.php on line 691
[27-Apr-2017 07:51:48 US/Eastern] PHP Warning:  Illegal offset type in isset or empty in /Users/visingha/html/cms/ps/16/classes/Tools.php on line 1399
[27-Apr-2017 07:51:48 US/Eastern] PHP Warning:  Illegal offset type in isset or empty in /Users/visingha/html/cms/ps/16/classes/Tools.php on line 1399
[27-Apr-2017 07:51:51 US/Eastern] PHP Notice:  Undefined variable: link in /Users/visingha/html/cms/ps/16/modules/expresscache/precache-cron.php on line 138
[27-Apr-2017 07:51:51 US/Eastern] PHP Notice:  Trying to get property of non-object in /Users/visingha/html/cms/ps/16/classes/Product.php on line 1250
[27-Apr-2017 07:51:51 US/Eastern] PHP Notice:  Array to string conversion in /Users/visingha/html/cms/ps/16/classes/Dispatcher.php on line 691
[27-Apr-2017 07:51:51 US/Eastern] PHP Notice:  Array to string conversion in /Users/visingha/html/cms/ps/16/classes/Dispatcher.php on line 691
[27-Apr-2017 07:51:51 US/Eastern] PHP Notice:  Array to string conversion in /Users/visingha/html/cms/ps/16/classes/Dispatcher.php on line 691
[27-Apr-2017 07:51:51 US/Eastern] PHP Notice:  Array to string conversion in /Users/visingha/html/cms/ps/16/classes/Dispatcher.php on line 691
[27-Apr-2017 07:51:51 US/Eastern] PHP Notice:  Array to string conversion in /Users/visingha/html/cms/ps/16/classes/Dispatcher.php on line 691
[27-Apr-2017 07:51:51 US/Eastern] PHP Notice:  Array to string conversion in /Users/visingha/html/cms/ps/16/classes/Dispatcher.php on line 691
[27-Apr-2017 07:51:51 US/Eastern] PHP Notice:  Array to string conversion in /Users/visingha/html/cms/ps/16/classes/Dispatcher.php on line 691
[27-Apr-2017 07:51:51 US/Eastern] PHP Notice:  Array to string conversion in /Users/visingha/html/cms/ps/16/classes/Dispatcher.php on line 691
[27-Apr-2017 07:51:51 US/Eastern] PHP Notice:  Array to string conversion in /Users/visingha/html/cms/ps/16/classes/Dispatcher.php on line 691
[27-Apr-2017 07:51:51 US/Eastern] PHP Notice:  Array to string conversion in /Users/visingha/html/cms/ps/16/classes/Dispatcher.php on line 691
[27-Apr-2017 07:51:51 US/Eastern] PHP Notice:  Array to string conversion in /Users/visingha/html/cms/ps/16/classes/Dispatcher.php on line 691
[27-Apr-2017 07:51:51 US/Eastern] PHP Notice:  Array to string conversion in /Users/visingha/html/cms/ps/16/classes/Dispatcher.php on line 691
[27-Apr-2017 07:51:51 US/Eastern] PHP Notice:  Array to string conversion in /Users/visingha/html/cms/ps/16/classes/Dispatcher.php on line 691
[27-Apr-2017 07:51:51 US/Eastern] PHP Notice:  Array to string conversion in /Users/visingha/html/cms/ps/16/classes/Dispatcher.php on line 691
[27-Apr-2017 07:51:51 US/Eastern] PHP Warning:  Illegal offset type in isset or empty in /Users/visingha/html/cms/ps/16/classes/Tools.php on line 1399
[27-Apr-2017 07:51:51 US/Eastern] PHP Warning:  Illegal offset type in isset or empty in /Users/visingha/html/cms/ps/16/classes/Tools.php on line 1399
[27-Apr-2017 07:51:52 US/Eastern] PHP Notice:  Undefined variable: link in /Users/visingha/html/cms/ps/16/modules/expresscache/precache-cron.php on line 138
[27-Apr-2017 07:51:52 US/Eastern] PHP Notice:  Trying to get property of non-object in /Users/visingha/html/cms/ps/16/classes/Product.php on line 1250
[27-Apr-2017 07:51:52 US/Eastern] PHP Notice:  Array to string conversion in /Users/visingha/html/cms/ps/16/classes/Dispatcher.php on line 691
[27-Apr-2017 07:51:52 US/Eastern] PHP Notice:  Array to string conversion in /Users/visingha/html/cms/ps/16/classes/Dispatcher.php on line 691
[27-Apr-2017 07:51:52 US/Eastern] PHP Notice:  Array to string conversion in /Users/visingha/html/cms/ps/16/classes/Dispatcher.php on line 691
[27-Apr-2017 07:51:52 US/Eastern] PHP Notice:  Array to string conversion in /Users/visingha/html/cms/ps/16/classes/Dispatcher.php on line 691
[27-Apr-2017 07:51:52 US/Eastern] PHP Notice:  Array to string conversion in /Users/visingha/html/cms/ps/16/classes/Dispatcher.php on line 691
[27-Apr-2017 07:51:52 US/Eastern] PHP Notice:  Array to string conversion in /Users/visingha/html/cms/ps/16/classes/Dispatcher.php on line 691
[27-Apr-2017 07:51:52 US/Eastern] PHP Notice:  Array to string conversion in /Users/visingha/html/cms/ps/16/classes/Dispatcher.php on line 691
[27-Apr-2017 07:51:52 US/Eastern] PHP Notice:  Array to string conversion in /Users/visingha/html/cms/ps/16/classes/Dispatcher.php on line 691
[27-Apr-2017 07:51:52 US/Eastern] PHP Notice:  Array to string conversion in /Users/visingha/html/cms/ps/16/classes/Dispatcher.php on line 691
[27-Apr-2017 07:51:52 US/Eastern] PHP Notice:  Array to string conversion in /Users/visingha/html/cms/ps/16/classes/Dispatcher.php on line 691
[27-Apr-2017 07:51:52 US/Eastern] PHP Notice:  Array to string conversion in /Users/visingha/html/cms/ps/16/classes/Dispatcher.php on line 691
[27-Apr-2017 07:51:52 US/Eastern] PHP Notice:  Array to string conversion in /Users/visingha/html/cms/ps/16/classes/Dispatcher.php on line 691
[27-Apr-2017 07:51:52 US/Eastern] PHP Notice:  Array to string conversion in /Users/visingha/html/cms/ps/16/classes/Dispatcher.php on line 691
[27-Apr-2017 07:51:52 US/Eastern] PHP Notice:  Array to string conversion in /Users/visingha/html/cms/ps/16/classes/Dispatcher.php on line 691
[27-Apr-2017 07:51:52 US/Eastern] PHP Warning:  Illegal offset type in isset or empty in /Users/visingha/html/cms/ps/16/classes/Tools.php on line 1399
[27-Apr-2017 07:51:52 US/Eastern] PHP Warning:  Illegal offset type in isset or empty in /Users/visingha/html/cms/ps/16/classes/Tools.php on line 1399
[27-Apr-2017 07:52:02 US/Eastern] PHP Notice:  Undefined variable: link in /Users/visingha/html/cms/ps/16/modules/expresscache/precache-cron.php on line 138
[27-Apr-2017 07:52:02 US/Eastern] PHP Notice:  Trying to get property of non-object in /Users/visingha/html/cms/ps/16/classes/Product.php on line 1250
[27-Apr-2017 07:52:02 US/Eastern] PHP Notice:  Undefined offset: 0 in /Users/visingha/html/cms/ps/16/modules/expresscache/precache-cron.php on line 204
[27-Apr-2017 07:52:02 US/Eastern] PHP Notice:  Undefined offset: 0 in /Users/visingha/html/cms/ps/16/modules/expresscache/precache-cron.php on line 204
[27-Apr-2017 07:52:02 US/Eastern] PHP Notice:  Undefined offset: 0 in /Users/visingha/html/cms/ps/16/modules/expresscache/precache-cron.php on line 204
[27-Apr-2017 07:52:02 US/Eastern] PHP Notice:  Undefined offset: 0 in /Users/visingha/html/cms/ps/16/modules/expresscache/precache-cron.php on line 204
[27-Apr-2017 07:52:02 US/Eastern] PHP Notice:  Undefined offset: 0 in /Users/visingha/html/cms/ps/16/modules/expresscache/precache-cron.php on line 204
[27-Apr-2017 07:52:02 US/Eastern] PHP Notice:  Undefined offset: 0 in /Users/visingha/html/cms/ps/16/modules/expresscache/precache-cron.php on line 204
[27-Apr-2017 07:52:02 US/Eastern] PHP Notice:  Undefined offset: 0 in /Users/visingha/html/cms/ps/16/modules/expresscache/precache-cron.php on line 204
[27-Apr-2017 07:52:02 US/Eastern] PHP Notice:  Undefined offset: 0 in /Users/visingha/html/cms/ps/16/modules/expresscache/precache-cron.php on line 204
[27-Apr-2017 07:52:02 US/Eastern] PHP Notice:  Undefined offset: 0 in /Users/visingha/html/cms/ps/16/modules/expresscache/precache-cron.php on line 204
[27-Apr-2017 07:52:02 US/Eastern] PHP Notice:  Undefined offset: 0 in /Users/visingha/html/cms/ps/16/modules/expresscache/precache-cron.php on line 204
[27-Apr-2017 07:52:02 US/Eastern] PHP Notice:  Undefined offset: 0 in /Users/visingha/html/cms/ps/16/modules/expresscache/precache-cron.php on line 204
[27-Apr-2017 07:52:02 US/Eastern] PHP Notice:  Undefined offset: 0 in /Users/visingha/html/cms/ps/16/modules/expresscache/precache-cron.php on line 204
[27-Apr-2017 07:52:02 US/Eastern] PHP Notice:  Undefined offset: 0 in /Users/visingha/html/cms/ps/16/modules/expresscache/precache-cron.php on line 204
[27-Apr-2017 07:52:02 US/Eastern] PHP Notice:  Undefined offset: 0 in /Users/visingha/html/cms/ps/16/modules/expresscache/precache-cron.php on line 204
[27-Apr-2017 07:52:02 US/Eastern] PHP Warning:  Illegal offset type in isset or empty in /Users/visingha/html/cms/ps/16/classes/Tools.php on line 1399
[27-Apr-2017 07:52:02 US/Eastern] PHP Warning:  Illegal offset type in isset or empty in /Users/visingha/html/cms/ps/16/classes/Tools.php on line 1399
[27-Apr-2017 07:52:08 US/Eastern] PHP Notice:  Undefined variable: link in /Users/visingha/html/cms/ps/16/modules/expresscache/precache-cron.php on line 138
[27-Apr-2017 07:52:08 US/Eastern] PHP Notice:  Trying to get property of non-object in /Users/visingha/html/cms/ps/16/classes/Product.php on line 1250
[27-Apr-2017 07:52:08 US/Eastern] PHP Warning:  Illegal offset type in isset or empty in /Users/visingha/html/cms/ps/16/classes/Tools.php on line 1399
[27-Apr-2017 07:52:08 US/Eastern] PHP Warning:  Illegal offset type in isset or empty in /Users/visingha/html/cms/ps/16/classes/Tools.php on line 1399
[27-Apr-2017 07:52:09 US/Eastern] PHP Notice:  Undefined variable: link in /Users/visingha/html/cms/ps/16/modules/expresscache/precache-cron.php on line 138
[27-Apr-2017 07:52:09 US/Eastern] PHP Notice:  Trying to get property of non-object in /Users/visingha/html/cms/ps/16/classes/Product.php on line 1250
[27-Apr-2017 07:52:09 US/Eastern] PHP Warning:  Illegal offset type in isset or empty in /Users/visingha/html/cms/ps/16/classes/Tools.php on line 1399
[27-Apr-2017 07:52:09 US/Eastern] PHP Warning:  Illegal offset type in isset or empty in /Users/visingha/html/cms/ps/16/classes/Tools.php on line 1399
[27-Apr-2017 07:52:11 US/Eastern] PHP Notice:  Undefined variable: link in /Users/visingha/html/cms/ps/16/modules/expresscache/precache-cron.php on line 138
[27-Apr-2017 07:52:11 US/Eastern] PHP Notice:  Trying to get property of non-object in /Users/visingha/html/cms/ps/16/classes/Product.php on line 1250
[27-Apr-2017 07:52:11 US/Eastern] PHP Warning:  Illegal offset type in isset or empty in /Users/visingha/html/cms/ps/16/classes/Tools.php on line 1399
[27-Apr-2017 07:52:11 US/Eastern] PHP Warning:  Illegal offset type in isset or empty in /Users/visingha/html/cms/ps/16/classes/Tools.php on line 1399
[27-Apr-2017 07:52:36 US/Eastern] PHP Notice:  Undefined variable: link in /Users/visingha/html/cms/ps/16/modules/expresscache/precache-cron.php on line 138
[27-Apr-2017 07:52:36 US/Eastern] PHP Notice:  Trying to get property of non-object in /Users/visingha/html/cms/ps/16/classes/Product.php on line 1250
[27-Apr-2017 07:52:36 US/Eastern] PHP Warning:  Illegal offset type in isset or empty in /Users/visingha/html/cms/ps/16/classes/Tools.php on line 1399
[27-Apr-2017 07:52:36 US/Eastern] PHP Warning:  Illegal offset type in isset or empty in /Users/visingha/html/cms/ps/16/classes/Tools.php on line 1399
[27-Apr-2017 07:52:39 US/Eastern] PHP Notice:  Undefined variable: link in /Users/visingha/html/cms/ps/16/modules/expresscache/precache-cron.php on line 138
[27-Apr-2017 07:52:39 US/Eastern] PHP Notice:  Trying to get property of non-object in /Users/visingha/html/cms/ps/16/classes/Product.php on line 1250
[27-Apr-2017 07:52:39 US/Eastern] PHP Warning:  Illegal offset type in isset or empty in /Users/visingha/html/cms/ps/16/classes/Tools.php on line 1399
[27-Apr-2017 07:52:39 US/Eastern] PHP Warning:  Illegal offset type in isset or empty in /Users/visingha/html/cms/ps/16/classes/Tools.php on line 1399
[27-Apr-2017 07:52:40 US/Eastern] PHP Notice:  Undefined variable: link in /Users/visingha/html/cms/ps/16/modules/expresscache/precache-cron.php on line 138
[27-Apr-2017 07:52:40 US/Eastern] PHP Notice:  Trying to get property of non-object in /Users/visingha/html/cms/ps/16/classes/Product.php on line 1250
[27-Apr-2017 07:52:40 US/Eastern] PHP Warning:  Illegal offset type in isset or empty in /Users/visingha/html/cms/ps/16/classes/Tools.php on line 1399
[27-Apr-2017 07:52:40 US/Eastern] PHP Warning:  Illegal offset type in isset or empty in /Users/visingha/html/cms/ps/16/classes/Tools.php on line 1399
[27-Apr-2017 07:52:47 US/Eastern] PHP Notice:  Undefined variable: link in /Users/visingha/html/cms/ps/16/modules/expresscache/precache-cron.php on line 138
[27-Apr-2017 07:52:47 US/Eastern] PHP Notice:  Trying to get property of non-object in /Users/visingha/html/cms/ps/16/classes/Product.php on line 1250
[27-Apr-2017 07:52:47 US/Eastern] PHP Warning:  Illegal offset type in isset or empty in /Users/visingha/html/cms/ps/16/classes/Tools.php on line 1399
[27-Apr-2017 07:52:47 US/Eastern] PHP Warning:  Illegal offset type in isset or empty in /Users/visingha/html/cms/ps/16/classes/Tools.php on line 1399
[27-Apr-2017 07:52:55 US/Eastern] PHP Notice:  Undefined variable: link in /Users/visingha/html/cms/ps/16/modules/expresscache/precache-cron.php on line 138
[27-Apr-2017 07:52:55 US/Eastern] PHP Notice:  Trying to get property of non-object in /Users/visingha/html/cms/ps/16/classes/Product.php on line 1250
[27-Apr-2017 07:52:55 US/Eastern] PHP Warning:  Illegal offset type in isset or empty in /Users/visingha/html/cms/ps/16/classes/Tools.php on line 1399
[27-Apr-2017 07:52:55 US/Eastern] PHP Warning:  Illegal offset type in isset or empty in /Users/visingha/html/cms/ps/16/classes/Tools.php on line 1399
[27-Apr-2017 07:52:56 US/Eastern] PHP Notice:  Undefined variable: link in /Users/visingha/html/cms/ps/16/modules/expresscache/precache-cron.php on line 138
[27-Apr-2017 07:52:56 US/Eastern] PHP Notice:  Trying to get property of non-object in /Users/visingha/html/cms/ps/16/classes/Product.php on line 1250
[27-Apr-2017 07:52:56 US/Eastern] PHP Warning:  Illegal offset type in isset or empty in /Users/visingha/html/cms/ps/16/classes/Tools.php on line 1399
[27-Apr-2017 07:52:56 US/Eastern] PHP Warning:  Illegal offset type in isset or empty in /Users/visingha/html/cms/ps/16/classes/Tools.php on line 1399
[27-Apr-2017 07:53:00 US/Eastern] PHP Notice:  Undefined variable: link in /Users/visingha/html/cms/ps/16/modules/expresscache/precache-cron.php on line 138
[27-Apr-2017 07:53:00 US/Eastern] PHP Notice:  Trying to get property of non-object in /Users/visingha/html/cms/ps/16/classes/Product.php on line 1250
[27-Apr-2017 07:53:00 US/Eastern] PHP Notice:  Array to string conversion in /Users/visingha/html/cms/ps/16/classes/Dispatcher.php on line 691
[27-Apr-2017 07:53:00 US/Eastern] PHP Notice:  Array to string conversion in /Users/visingha/html/cms/ps/16/classes/Dispatcher.php on line 691
[27-Apr-2017 07:53:00 US/Eastern] PHP Notice:  Array to string conversion in /Users/visingha/html/cms/ps/16/classes/Dispatcher.php on line 691
[27-Apr-2017 07:53:00 US/Eastern] PHP Notice:  Array to string conversion in /Users/visingha/html/cms/ps/16/classes/Dispatcher.php on line 691
[27-Apr-2017 07:53:00 US/Eastern] PHP Notice:  Array to string conversion in /Users/visingha/html/cms/ps/16/classes/Dispatcher.php on line 691
[27-Apr-2017 07:53:00 US/Eastern] PHP Notice:  Array to string conversion in /Users/visingha/html/cms/ps/16/classes/Dispatcher.php on line 691
[27-Apr-2017 07:53:00 US/Eastern] PHP Notice:  Array to string conversion in /Users/visingha/html/cms/ps/16/classes/Dispatcher.php on line 691
[27-Apr-2017 07:53:00 US/Eastern] PHP Notice:  Array to string conversion in /Users/visingha/html/cms/ps/16/classes/Dispatcher.php on line 691
[27-Apr-2017 07:53:00 US/Eastern] PHP Notice:  Array to string conversion in /Users/visingha/html/cms/ps/16/classes/Dispatcher.php on line 691
[27-Apr-2017 07:53:00 US/Eastern] PHP Notice:  Array to string conversion in /Users/visingha/html/cms/ps/16/classes/Dispatcher.php on line 691
[27-Apr-2017 07:53:00 US/Eastern] PHP Notice:  Array to string conversion in /Users/visingha/html/cms/ps/16/classes/Dispatcher.php on line 691
[27-Apr-2017 07:53:00 US/Eastern] PHP Notice:  Array to string conversion in /Users/visingha/html/cms/ps/16/classes/Dispatcher.php on line 691
[27-Apr-2017 07:53:00 US/Eastern] PHP Notice:  Array to string conversion in /Users/visingha/html/cms/ps/16/classes/Dispatcher.php on line 691
[27-Apr-2017 07:53:00 US/Eastern] PHP Notice:  Array to string conversion in /Users/visingha/html/cms/ps/16/classes/Dispatcher.php on line 691
[27-Apr-2017 07:53:00 US/Eastern] PHP Warning:  Illegal offset type in isset or empty in /Users/visingha/html/cms/ps/16/classes/Tools.php on line 1399
[27-Apr-2017 07:53:00 US/Eastern] PHP Warning:  Illegal offset type in isset or empty in /Users/visingha/html/cms/ps/16/classes/Tools.php on line 1399
[27-Apr-2017 07:53:05 US/Eastern] PHP Notice:  Undefined variable: link in /Users/visingha/html/cms/ps/16/modules/expresscache/precache-cron.php on line 138
[27-Apr-2017 07:53:05 US/Eastern] PHP Notice:  Trying to get property of non-object in /Users/visingha/html/cms/ps/16/classes/Product.php on line 1250
[27-Apr-2017 07:53:05 US/Eastern] PHP Notice:  Undefined offset: 3 in /Users/visingha/html/cms/ps/16/modules/expresscache/precache-cron.php on line 204
[27-Apr-2017 07:53:05 US/Eastern] PHP Notice:  Undefined offset: 3 in /Users/visingha/html/cms/ps/16/modules/expresscache/precache-cron.php on line 204
[27-Apr-2017 07:53:05 US/Eastern] PHP Notice:  Undefined offset: 3 in /Users/visingha/html/cms/ps/16/modules/expresscache/precache-cron.php on line 204
[27-Apr-2017 07:53:05 US/Eastern] PHP Notice:  Undefined offset: 3 in /Users/visingha/html/cms/ps/16/modules/expresscache/precache-cron.php on line 204
[27-Apr-2017 07:53:05 US/Eastern] PHP Notice:  Undefined offset: 3 in /Users/visingha/html/cms/ps/16/modules/expresscache/precache-cron.php on line 204
[27-Apr-2017 07:53:05 US/Eastern] PHP Notice:  Undefined offset: 3 in /Users/visingha/html/cms/ps/16/modules/expresscache/precache-cron.php on line 204
[27-Apr-2017 07:53:05 US/Eastern] PHP Notice:  Undefined offset: 3 in /Users/visingha/html/cms/ps/16/modules/expresscache/precache-cron.php on line 204
[27-Apr-2017 07:53:05 US/Eastern] PHP Notice:  Undefined offset: 3 in /Users/visingha/html/cms/ps/16/modules/expresscache/precache-cron.php on line 204
[27-Apr-2017 07:53:05 US/Eastern] PHP Notice:  Undefined offset: 3 in /Users/visingha/html/cms/ps/16/modules/expresscache/precache-cron.php on line 204
[27-Apr-2017 07:53:05 US/Eastern] PHP Notice:  Undefined offset: 3 in /Users/visingha/html/cms/ps/16/modules/expresscache/precache-cron.php on line 204
[27-Apr-2017 07:53:05 US/Eastern] PHP Notice:  Undefined offset: 3 in /Users/visingha/html/cms/ps/16/modules/expresscache/precache-cron.php on line 204
[27-Apr-2017 07:53:05 US/Eastern] PHP Notice:  Undefined offset: 3 in /Users/visingha/html/cms/ps/16/modules/expresscache/precache-cron.php on line 204
[27-Apr-2017 07:53:05 US/Eastern] PHP Notice:  Undefined offset: 3 in /Users/visingha/html/cms/ps/16/modules/expresscache/precache-cron.php on line 204
[27-Apr-2017 07:53:05 US/Eastern] PHP Notice:  Undefined offset: 3 in /Users/visingha/html/cms/ps/16/modules/expresscache/precache-cron.php on line 204
[27-Apr-2017 07:53:05 US/Eastern] PHP Warning:  Illegal offset type in isset or empty in /Users/visingha/html/cms/ps/16/classes/Tools.php on line 1399
[27-Apr-2017 07:53:05 US/Eastern] PHP Warning:  Illegal offset type in isset or empty in /Users/visingha/html/cms/ps/16/classes/Tools.php on line 1399
[27-Apr-2017 07:53:12 US/Eastern] PHP Notice:  Undefined variable: link in /Users/visingha/html/cms/ps/16/modules/expresscache/precache-cron.php on line 138
[27-Apr-2017 07:53:12 US/Eastern] PHP Notice:  Trying to get property of non-object in /Users/visingha/html/cms/ps/16/classes/Product.php on line 1250
[27-Apr-2017 07:53:12 US/Eastern] PHP Notice:  Undefined offset: 4 in /Users/visingha/html/cms/ps/16/modules/expresscache/precache-cron.php on line 204
[27-Apr-2017 07:53:12 US/Eastern] PHP Notice:  Undefined offset: 4 in /Users/visingha/html/cms/ps/16/modules/expresscache/precache-cron.php on line 204
[27-Apr-2017 07:53:12 US/Eastern] PHP Notice:  Undefined offset: 4 in /Users/visingha/html/cms/ps/16/modules/expresscache/precache-cron.php on line 204
[27-Apr-2017 07:53:12 US/Eastern] PHP Notice:  Undefined offset: 4 in /Users/visingha/html/cms/ps/16/modules/expresscache/precache-cron.php on line 204
[27-Apr-2017 07:53:12 US/Eastern] PHP Notice:  Undefined offset: 4 in /Users/visingha/html/cms/ps/16/modules/expresscache/precache-cron.php on line 204
[27-Apr-2017 07:53:12 US/Eastern] PHP Notice:  Undefined offset: 4 in /Users/visingha/html/cms/ps/16/modules/expresscache/precache-cron.php on line 204
[27-Apr-2017 07:53:12 US/Eastern] PHP Notice:  Undefined offset: 4 in /Users/visingha/html/cms/ps/16/modules/expresscache/precache-cron.php on line 204
[27-Apr-2017 07:53:12 US/Eastern] PHP Notice:  Undefined offset: 4 in /Users/visingha/html/cms/ps/16/modules/expresscache/precache-cron.php on line 204
[27-Apr-2017 07:53:12 US/Eastern] PHP Notice:  Undefined offset: 4 in /Users/visingha/html/cms/ps/16/modules/expresscache/precache-cron.php on line 204
[27-Apr-2017 07:53:12 US/Eastern] PHP Notice:  Undefined offset: 4 in /Users/visingha/html/cms/ps/16/modules/expresscache/precache-cron.php on line 204
[27-Apr-2017 07:53:12 US/Eastern] PHP Notice:  Undefined offset: 4 in /Users/visingha/html/cms/ps/16/modules/expresscache/precache-cron.php on line 204
[27-Apr-2017 07:53:12 US/Eastern] PHP Notice:  Undefined offset: 4 in /Users/visingha/html/cms/ps/16/modules/expresscache/precache-cron.php on line 204
[27-Apr-2017 07:53:12 US/Eastern] PHP Notice:  Undefined offset: 4 in /Users/visingha/html/cms/ps/16/modules/expresscache/precache-cron.php on line 204
[27-Apr-2017 07:53:12 US/Eastern] PHP Notice:  Undefined offset: 4 in /Users/visingha/html/cms/ps/16/modules/expresscache/precache-cron.php on line 204
[27-Apr-2017 07:53:12 US/Eastern] PHP Warning:  Illegal offset type in isset or empty in /Users/visingha/html/cms/ps/16/classes/Tools.php on line 1399
[27-Apr-2017 07:53:12 US/Eastern] PHP Warning:  Illegal offset type in isset or empty in /Users/visingha/html/cms/ps/16/classes/Tools.php on line 1399
[27-Apr-2017 07:53:43 US/Eastern] PHP Notice:  Undefined variable: link in /Users/visingha/html/cms/ps/16/modules/expresscache/precache-cron.php on line 138
[27-Apr-2017 07:53:43 US/Eastern] PHP Notice:  Trying to get property of non-object in /Users/visingha/html/cms/ps/16/classes/Product.php on line 1250
[27-Apr-2017 07:53:43 US/Eastern] PHP Notice:  Undefined offset: 4 in /Users/visingha/html/cms/ps/16/modules/expresscache/precache-cron.php on line 204
[27-Apr-2017 07:53:43 US/Eastern] PHP Notice:  Undefined offset: 4 in /Users/visingha/html/cms/ps/16/modules/expresscache/precache-cron.php on line 204
[27-Apr-2017 07:53:43 US/Eastern] PHP Notice:  Undefined offset: 4 in /Users/visingha/html/cms/ps/16/modules/expresscache/precache-cron.php on line 204
[27-Apr-2017 07:53:43 US/Eastern] PHP Notice:  Undefined offset: 4 in /Users/visingha/html/cms/ps/16/modules/expresscache/precache-cron.php on line 204
[27-Apr-2017 07:53:43 US/Eastern] PHP Notice:  Undefined offset: 4 in /Users/visingha/html/cms/ps/16/modules/expresscache/precache-cron.php on line 204
[27-Apr-2017 07:53:43 US/Eastern] PHP Notice:  Undefined offset: 4 in /Users/visingha/html/cms/ps/16/modules/expresscache/precache-cron.php on line 204
[27-Apr-2017 07:53:43 US/Eastern] PHP Notice:  Undefined offset: 4 in /Users/visingha/html/cms/ps/16/modules/expresscache/precache-cron.php on line 204
[27-Apr-2017 07:53:43 US/Eastern] PHP Notice:  Undefined offset: 4 in /Users/visingha/html/cms/ps/16/modules/expresscache/precache-cron.php on line 204
[27-Apr-2017 07:53:43 US/Eastern] PHP Notice:  Undefined offset: 4 in /Users/visingha/html/cms/ps/16/modules/expresscache/precache-cron.php on line 204
[27-Apr-2017 07:53:43 US/Eastern] PHP Notice:  Undefined offset: 4 in /Users/visingha/html/cms/ps/16/modules/expresscache/precache-cron.php on line 204
[27-Apr-2017 07:53:43 US/Eastern] PHP Notice:  Undefined offset: 4 in /Users/visingha/html/cms/ps/16/modules/expresscache/precache-cron.php on line 204
[27-Apr-2017 07:53:43 US/Eastern] PHP Notice:  Undefined offset: 4 in /Users/visingha/html/cms/ps/16/modules/expresscache/precache-cron.php on line 204
[27-Apr-2017 07:53:43 US/Eastern] PHP Notice:  Undefined offset: 4 in /Users/visingha/html/cms/ps/16/modules/expresscache/precache-cron.php on line 204
[27-Apr-2017 07:53:43 US/Eastern] PHP Notice:  Undefined offset: 4 in /Users/visingha/html/cms/ps/16/modules/expresscache/precache-cron.php on line 204
[27-Apr-2017 07:53:43 US/Eastern] PHP Warning:  Illegal offset type in isset or empty in /Users/visingha/html/cms/ps/16/classes/Tools.php on line 1399
[27-Apr-2017 07:53:43 US/Eastern] PHP Warning:  Illegal offset type in isset or empty in /Users/visingha/html/cms/ps/16/classes/Tools.php on line 1399
[27-Apr-2017 07:53:48 US/Eastern] PHP Notice:  Undefined variable: link in /Users/visingha/html/cms/ps/16/modules/expresscache/precache-cron.php on line 138
[27-Apr-2017 07:53:48 US/Eastern] PHP Notice:  Trying to get property of non-object in /Users/visingha/html/cms/ps/16/classes/Product.php on line 1250
[27-Apr-2017 07:53:48 US/Eastern] PHP Warning:  Illegal offset type in isset or empty in /Users/visingha/html/cms/ps/16/classes/Tools.php on line 1399
[27-Apr-2017 07:53:48 US/Eastern] PHP Warning:  Illegal offset type in isset or empty in /Users/visingha/html/cms/ps/16/classes/Tools.php on line 1399
[27-Apr-2017 07:53:50 US/Eastern] PHP Notice:  Undefined variable: link in /Users/visingha/html/cms/ps/16/modules/expresscache/precache-cron.php on line 138
[27-Apr-2017 07:53:50 US/Eastern] PHP Notice:  Trying to get property of non-object in /Users/visingha/html/cms/ps/16/classes/Product.php on line 1250
[27-Apr-2017 07:53:50 US/Eastern] PHP Warning:  Illegal offset type in isset or empty in /Users/visingha/html/cms/ps/16/classes/Tools.php on line 1399
[27-Apr-2017 07:53:50 US/Eastern] PHP Warning:  Illegal offset type in isset or empty in /Users/visingha/html/cms/ps/16/classes/Tools.php on line 1399
[27-Apr-2017 07:53:53 US/Eastern] PHP Notice:  Undefined variable: link in /Users/visingha/html/cms/ps/16/modules/expresscache/precache-cron.php on line 138
[27-Apr-2017 07:53:53 US/Eastern] PHP Notice:  Trying to get property of non-object in /Users/visingha/html/cms/ps/16/classes/Product.php on line 1250
[27-Apr-2017 07:53:53 US/Eastern] PHP Warning:  Illegal offset type in isset or empty in /Users/visingha/html/cms/ps/16/classes/Tools.php on line 1399
[27-Apr-2017 07:53:53 US/Eastern] PHP Warning:  Illegal offset type in isset or empty in /Users/visingha/html/cms/ps/16/classes/Tools.php on line 1399
[27-Apr-2017 07:55:09 US/Eastern] PHP Notice:  Undefined variable: link in /Users/visingha/html/cms/ps/16/modules/expresscache/precache-cron.php on line 138
[27-Apr-2017 07:55:17 US/Eastern] PHP Notice:  Trying to get property of non-object in /Users/visingha/html/cms/ps/16/classes/Product.php on line 1250
[27-Apr-2017 07:55:27 US/Eastern] PHP Warning:  Illegal offset type in isset or empty in /Users/visingha/html/cms/ps/16/classes/Tools.php on line 1399
[27-Apr-2017 07:55:27 US/Eastern] PHP Warning:  Illegal offset type in isset or empty in /Users/visingha/html/cms/ps/16/classes/Tools.php on line 1399
[27-Apr-2017 07:59:36 US/Eastern] PHP Notice:  Undefined variable: link in /Users/visingha/html/cms/ps/16/modules/expresscache/precache-cron.php on line 138
[27-Apr-2017 07:59:40 US/Eastern] PHP Notice:  Trying to get property of non-object in /Users/visingha/html/cms/ps/16/classes/Product.php on line 1250
[27-Apr-2017 07:59:48 US/Eastern] PHP Warning:  Illegal offset type in isset or empty in /Users/visingha/html/cms/ps/16/classes/Tools.php on line 1399
[27-Apr-2017 07:59:48 US/Eastern] PHP Warning:  Illegal offset type in isset or empty in /Users/visingha/html/cms/ps/16/classes/Tools.php on line 1399
[27-Apr-2017 08:00:24 US/Eastern] PHP Notice:  Undefined variable: link in /Users/visingha/html/cms/ps/16/modules/expresscache/precache-cron.php on line 138
[27-Apr-2017 08:00:32 US/Eastern] PHP Notice:  Trying to get property of non-object in /Users/visingha/html/cms/ps/16/classes/Product.php on line 1250
[27-Apr-2017 08:00:37 US/Eastern] PHP Warning:  Illegal offset type in isset or empty in /Users/visingha/html/cms/ps/16/classes/Tools.php on line 1399
[27-Apr-2017 08:00:37 US/Eastern] PHP Warning:  Illegal offset type in isset or empty in /Users/visingha/html/cms/ps/16/classes/Tools.php on line 1399
[27-Apr-2017 08:05:22 US/Eastern] PHP Notice:  Undefined variable: link in /Users/visingha/html/cms/ps/16/modules/expresscache/precache-cron.php on line 138
[27-Apr-2017 08:05:30 US/Eastern] PHP Notice:  Trying to get property of non-object in /Users/visingha/html/cms/ps/16/classes/Product.php on line 1250
[27-Apr-2017 08:05:36 US/Eastern] PHP Warning:  Illegal offset type in isset or empty in /Users/visingha/html/cms/ps/16/classes/Tools.php on line 1399
[27-Apr-2017 08:05:36 US/Eastern] PHP Warning:  Illegal offset type in isset or empty in /Users/visingha/html/cms/ps/16/classes/Tools.php on line 1399
